<?xml version="1.0" encoding="UTF-8"?>
<!-- Generated by org.testng.reporters.JUnitReportReporter -->
<testsuite hostname="Vijays-MacBook-Air.local" failures="0" tests="3" name="cucumberOptions.RunnerTestNG" time="137.693" errors="0" timestamp="2023-11-28T19:59:02 IST" skipped="0">
  <testcase classname="cucumberOptions.RunnerTestNG" name="runScenario" time="45.024"/>
  <testcase classname="cucumberOptions.RunnerTestNG" name="runScenario" time="45.024"/>
  <testcase classname="cucumberOptions.RunnerTestNG" name="runScenario" time="47.645"/>
</testsuite> <!-- cucumberOptions.RunnerTestNG -->
